{"C:\\Users\\hhernandez22\\Documents\\PruebaNode\\APIGYM\\src\\app.ts": {"path":"C:\\Users\\hhernandez22\\Documents\\PruebaNode\\APIGYM\\src\\app.ts","statementMap":{"0":{"start":{"line":1,"column":0},"end":{"line":1,"column":46}},"1":{"start":{"line":2,"column":0},"end":{"line":2,"column":27}},"2":{"start":{"line":5,"column":0},"end":{"line":5,"column":47}},"3":{"start":{"line":12,"column":16},"end":{"line":12,"column":38}},"4":{"start":{"line":14,"column":8},"end":{"line":14,"column":29}},"5":{"start":{"line":15,"column":8},"end":{"line":15,"column":24}},"6":{"start":{"line":16,"column":8},"end":{"line":16,"column":27}},"7":{"start":{"line":17,"column":8},"end":{"line":17,"column":22}},"8":{"start":{"line":21,"column":8},"end":{"line":21,"column":68}},"9":{"start":{"line":25,"column":8},"end":{"line":25,"column":36}},"10":{"start":{"line":26,"column":8},"end":{"line":26,"column":37}},"11":{"start":{"line":30,"column":8},"end":{"line":30,"column":42}},"12":{"start":{"line":35,"column":8},"end":{"line":35,"column":52}},"13":{"start":{"line":36,"column":8},"end":{"line":36,"column":60}},"14":{"start":{"line":8,"column":0},"end":{"line":8,"column":13}}},"fnMap":{"0":{"name":"(anonymous_8)","decl":{"start":{"line":11,"column":4},"end":{"line":11,"column":null}},"loc":{"start":{"line":12,"column":38},"end":{"line":18,"column":5}}},"1":{"name":"(anonymous_9)","decl":{"start":{"line":20,"column":12},"end":{"line":20,"column":20}},"loc":{"start":{"line":20,"column":20},"end":{"line":22,"column":5}}},"2":{"name":"(anonymous_10)","decl":{"start":{"line":24,"column":12},"end":{"line":24,"column":23}},"loc":{"start":{"line":24,"column":23},"end":{"line":27,"column":5}}},"3":{"name":"(anonymous_11)","decl":{"start":{"line":29,"column":12},"end":{"line":29,"column":18}},"loc":{"start":{"line":29,"column":18},"end":{"line":32,"column":5}}},"4":{"name":"(anonymous_12)","decl":{"start":{"line":34,"column":10},"end":{"line":34,"column":16}},"loc":{"start":{"line":34,"column":16},"end":{"line":37,"column":null}}}},"branchMap":{"0":{"loc":{"start":{"line":21,"column":29},"end":{"line":21,"column":38}},"type":"binary-expr","locations":[{"start":{"line":21,"column":29},"end":{"line":21,"column":38}},{"start":{"line":21,"column":42},"end":{"line":21,"column":58}},{"start":{"line":21,"column":62},"end":{"line":21,"column":66}}]}},"s":{"0":1,"1":1,"2":1,"3":0,"4":0,"5":0,"6":0,"7":0,"8":0,"9":0,"10":0,"11":0,"12":0,"13":0,"14":1},"f":{"0":0,"1":0,"2":0,"3":0,"4":0},"b":{"0":[0,0,0]}}
,"C:\\Users\\hhernandez22\\Documents\\PruebaNode\\APIGYM\\src\\database.ts": {"path":"C:\\Users\\hhernandez22\\Documents\\PruebaNode\\APIGYM\\src\\database.ts","statementMap":{"0":{"start":{"line":1,"column":0},"end":{"line":1,"column":49}},"1":{"start":{"line":4,"column":23},"end":{"line":10,"column":6}},"2":{"start":{"line":11,"column":4},"end":{"line":11,"column":22}},"3":{"start":{"line":3,"column":0},"end":{"line":3,"column":22}}},"fnMap":{"0":{"name":"connect","decl":{"start":{"line":3,"column":22},"end":{"line":3,"column":29}},"loc":{"start":{"line":3,"column":29},"end":{"line":12,"column":null}}}},"branchMap":{},"s":{"0":2,"1":1,"2":1,"3":2},"f":{"0":1},"b":{}}
,"C:\\Users\\hhernandez22\\Documents\\PruebaNode\\APIGYM\\src\\controllers\\campus.controller.ts": {"path":"C:\\Users\\hhernandez22\\Documents\\PruebaNode\\APIGYM\\src\\controllers\\campus.controller.ts","statementMap":{"0":{"start":{"line":4,"column":0},"end":{"line":4,"column":37}},"1":{"start":{"line":9,"column":4},"end":{"line":16,"column":null}},"2":{"start":{"line":10,"column":21},"end":{"line":10,"column":36}},"3":{"start":{"line":11,"column":22},"end":{"line":11,"column":62}},"4":{"start":{"line":12,"column":8},"end":{"line":12,"column":34}},"5":{"start":{"line":15,"column":8},"end":{"line":15,"column":null}},"6":{"start":{"line":8,"column":0},"end":{"line":8,"column":22}},"7":{"start":{"line":20,"column":28},"end":{"line":20,"column":36}},"8":{"start":{"line":21,"column":4},"end":{"line":31,"column":null}},"9":{"start":{"line":22,"column":21},"end":{"line":22,"column":36}},"10":{"start":{"line":23,"column":8},"end":{"line":23,"column":66}},"11":{"start":{"line":24,"column":8},"end":{"line":26,"column":11}},"12":{"start":{"line":28,"column":8},"end":{"line":30,"column":null}},"13":{"start":{"line":19,"column":0},"end":{"line":19,"column":22}},"14":{"start":{"line":35,"column":15},"end":{"line":35,"column":34}},"15":{"start":{"line":36,"column":4},"end":{"line":44,"column":null}},"16":{"start":{"line":37,"column":21},"end":{"line":37,"column":36}},"17":{"start":{"line":38,"column":22},"end":{"line":38,"column":87}},"18":{"start":{"line":39,"column":8},"end":{"line":39,"column":27}},"19":{"start":{"line":41,"column":8},"end":{"line":43,"column":null}},"20":{"start":{"line":34,"column":0},"end":{"line":34,"column":22}}},"fnMap":{"0":{"name":"getCampus","decl":{"start":{"line":8,"column":22},"end":{"line":8,"column":31}},"loc":{"start":{"line":8,"column":59},"end":{"line":17,"column":null}}},"1":{"name":"createCampus","decl":{"start":{"line":19,"column":22},"end":{"line":19,"column":34}},"loc":{"start":{"line":19,"column":62},"end":{"line":32,"column":null}}},"2":{"name":"getCamp","decl":{"start":{"line":34,"column":22},"end":{"line":34,"column":29}},"loc":{"start":{"line":34,"column":57},"end":{"line":45,"column":null}}}},"branchMap":{},"s":{"0":1,"1":0,"2":0,"3":0,"4":0,"5":0,"6":1,"7":0,"8":0,"9":0,"10":0,"11":0,"12":0,"13":1,"14":0,"15":0,"16":0,"17":0,"18":0,"19":0,"20":1},"f":{"0":0,"1":0,"2":0},"b":{}}
,"C:\\Users\\hhernandez22\\Documents\\PruebaNode\\APIGYM\\src\\controllers\\city.controller.ts": {"path":"C:\\Users\\hhernandez22\\Documents\\PruebaNode\\APIGYM\\src\\controllers\\city.controller.ts","statementMap":{"0":{"start":{"line":4,"column":0},"end":{"line":4,"column":37}},"1":{"start":{"line":9,"column":4},"end":{"line":19,"column":null}},"2":{"start":{"line":10,"column":21},"end":{"line":10,"column":36}},"3":{"start":{"line":11,"column":22},"end":{"line":11,"column":61}},"4":{"start":{"line":12,"column":8},"end":{"line":12,"column":34}},"5":{"start":{"line":15,"column":8},"end":{"line":15,"column":null}},"6":{"start":{"line":16,"column":8},"end":{"line":18,"column":null}},"7":{"start":{"line":8,"column":0},"end":{"line":8,"column":22}},"8":{"start":{"line":23,"column":26},"end":{"line":23,"column":34}},"9":{"start":{"line":24,"column":4},"end":{"line":34,"column":null}},"10":{"start":{"line":25,"column":21},"end":{"line":25,"column":36}},"11":{"start":{"line":26,"column":8},"end":{"line":26,"column":64}},"12":{"start":{"line":27,"column":8},"end":{"line":29,"column":11}},"13":{"start":{"line":31,"column":8},"end":{"line":33,"column":null}},"14":{"start":{"line":22,"column":0},"end":{"line":22,"column":22}},"15":{"start":{"line":39,"column":15},"end":{"line":39,"column":32}},"16":{"start":{"line":40,"column":4},"end":{"line":48,"column":null}},"17":{"start":{"line":41,"column":21},"end":{"line":41,"column":36}},"18":{"start":{"line":42,"column":22},"end":{"line":42,"column":85}},"19":{"start":{"line":43,"column":8},"end":{"line":43,"column":27}},"20":{"start":{"line":45,"column":8},"end":{"line":47,"column":null}},"21":{"start":{"line":38,"column":0},"end":{"line":38,"column":22}}},"fnMap":{"0":{"name":"getCities","decl":{"start":{"line":8,"column":22},"end":{"line":8,"column":31}},"loc":{"start":{"line":8,"column":59},"end":{"line":20,"column":null}}},"1":{"name":"createCity","decl":{"start":{"line":22,"column":22},"end":{"line":22,"column":32}},"loc":{"start":{"line":22,"column":60},"end":{"line":36,"column":null}}},"2":{"name":"getCity","decl":{"start":{"line":38,"column":22},"end":{"line":38,"column":29}},"loc":{"start":{"line":38,"column":57},"end":{"line":50,"column":null}}}},"branchMap":{},"s":{"0":1,"1":0,"2":0,"3":0,"4":0,"5":0,"6":0,"7":1,"8":0,"9":0,"10":0,"11":0,"12":0,"13":0,"14":1,"15":0,"16":0,"17":0,"18":0,"19":0,"20":0,"21":1},"f":{"0":0,"1":0,"2":0},"b":{}}
,"C:\\Users\\hhernandez22\\Documents\\PruebaNode\\APIGYM\\src\\controllers\\user.controller.ts": {"path":"C:\\Users\\hhernandez22\\Documents\\PruebaNode\\APIGYM\\src\\controllers\\user.controller.ts","statementMap":{"0":{"start":{"line":4,"column":0},"end":{"line":4,"column":37}},"1":{"start":{"line":9,"column":4},"end":{"line":19,"column":null}},"2":{"start":{"line":10,"column":21},"end":{"line":10,"column":36}},"3":{"start":{"line":11,"column":22},"end":{"line":11,"column":61}},"4":{"start":{"line":12,"column":8},"end":{"line":12,"column":46}},"5":{"start":{"line":15,"column":8},"end":{"line":15,"column":null}},"6":{"start":{"line":16,"column":8},"end":{"line":18,"column":11}},"7":{"start":{"line":8,"column":0},"end":{"line":8,"column":22}},"8":{"start":{"line":23,"column":27},"end":{"line":23,"column":35}},"9":{"start":{"line":24,"column":17},"end":{"line":24,"column":32}},"10":{"start":{"line":25,"column":4},"end":{"line":49,"column":null}},"11":{"start":{"line":26,"column":25},"end":{"line":26,"column":114}},"12":{"start":{"line":27,"column":28},"end":{"line":27,"column":64}},"13":{"start":{"line":28,"column":8},"end":{"line":35,"column":null}},"14":{"start":{"line":29,"column":12},"end":{"line":32,"column":null}},"15":{"start":{"line":30,"column":16},"end":{"line":30,"column":40}},"16":{"start":{"line":31,"column":16},"end":{"line":31,"column":42}},"17":{"start":{"line":33,"column":15},"end":{"line":33,"column":38}},"18":{"start":{"line":34,"column":12},"end":{"line":34,"column":37}},"19":{"start":{"line":35,"column":16},"end":{"line":35,"column":43}},"20":{"start":{"line":36,"column":22},"end":{"line":36,"column":83}},"21":{"start":{"line":37,"column":8},"end":{"line":39,"column":49}},"22":{"start":{"line":40,"column":25},"end":{"line":40,"column":68}},"23":{"start":{"line":41,"column":8},"end":{"line":43,"column":11}},"24":{"start":{"line":45,"column":8},"end":{"line":45,"column":23}},"25":{"start":{"line":46,"column":8},"end":{"line":48,"column":11}},"26":{"start":{"line":22,"column":0},"end":{"line":22,"column":22}},"27":{"start":{"line":54,"column":27},"end":{"line":54,"column":35}},"28":{"start":{"line":55,"column":17},"end":{"line":55,"column":32}},"29":{"start":{"line":56,"column":4},"end":{"line":76,"column":null}},"30":{"start":{"line":57,"column":25},"end":{"line":57,"column":148}},"31":{"start":{"line":58,"column":28},"end":{"line":58,"column":64}},"32":{"start":{"line":59,"column":8},"end":{"line":59,"column":39}},"33":{"start":{"line":60,"column":8},"end":{"line":70,"column":null}},"34":{"start":{"line":61,"column":12},"end":{"line":65,"column":null}},"35":{"start":{"line":62,"column":16},"end":{"line":62,"column":113}},"36":{"start":{"line":63,"column":16},"end":{"line":65,"column":15}},"37":{"start":{"line":67,"column":8},"end":{"line":69,"column":11}},"38":{"start":{"line":72,"column":8},"end":{"line":72,"column":23}},"39":{"start":{"line":73,"column":8},"end":{"line":75,"column":11}},"40":{"start":{"line":53,"column":0},"end":{"line":53,"column":22}},"41":{"start":{"line":81,"column":15},"end":{"line":81,"column":32}},"42":{"start":{"line":82,"column":17},"end":{"line":82,"column":32}},"43":{"start":{"line":83,"column":18},"end":{"line":83,"column":80}},"44":{"start":{"line":84,"column":4},"end":{"line":84,"column":23}},"45":{"start":{"line":80,"column":0},"end":{"line":80,"column":22}},"46":{"start":{"line":88,"column":15},"end":{"line":88,"column":32}},"47":{"start":{"line":89,"column":17},"end":{"line":89,"column":32}},"48":{"start":{"line":90,"column":4},"end":{"line":90,"column":65}},"49":{"start":{"line":91,"column":4},"end":{"line":93,"column":7}},"50":{"start":{"line":87,"column":0},"end":{"line":87,"column":22}},"51":{"start":{"line":97,"column":15},"end":{"line":97,"column":32}},"52":{"start":{"line":98,"column":30},"end":{"line":98,"column":38}},"53":{"start":{"line":99,"column":17},"end":{"line":99,"column":32}},"54":{"start":{"line":100,"column":4},"end":{"line":100,"column":78}},"55":{"start":{"line":101,"column":4},"end":{"line":103,"column":7}},"56":{"start":{"line":96,"column":0},"end":{"line":96,"column":22}},"57":{"start":{"line":107,"column":19},"end":{"line":107,"column":36}},"58":{"start":{"line":108,"column":8},"end":{"line":122,"column":null}},"59":{"start":{"line":109,"column":25},"end":{"line":109,"column":40}},"60":{"start":{"line":110,"column":26},"end":{"line":114,"column":54}},"61":{"start":{"line":115,"column":12},"end":{"line":115,"column":null}},"62":{"start":{"line":116,"column":12},"end":{"line":116,"column":31}},"63":{"start":{"line":118,"column":8},"end":{"line":118,"column":23}},"64":{"start":{"line":119,"column":8},"end":{"line":121,"column":11}},"65":{"start":{"line":106,"column":0},"end":{"line":106,"column":22}}},"fnMap":{"0":{"name":"getUsers","decl":{"start":{"line":8,"column":22},"end":{"line":8,"column":30}},"loc":{"start":{"line":8,"column":58},"end":{"line":20,"column":null}}},"1":{"name":"createUser","decl":{"start":{"line":22,"column":22},"end":{"line":22,"column":32}},"loc":{"start":{"line":22,"column":60},"end":{"line":51,"column":null}}},"2":{"name":"login","decl":{"start":{"line":53,"column":22},"end":{"line":53,"column":27}},"loc":{"start":{"line":53,"column":55},"end":{"line":78,"column":null}}},"3":{"name":"getUser","decl":{"start":{"line":80,"column":22},"end":{"line":80,"column":29}},"loc":{"start":{"line":80,"column":57},"end":{"line":85,"column":null}}},"4":{"name":"deleteUser","decl":{"start":{"line":87,"column":22},"end":{"line":87,"column":32}},"loc":{"start":{"line":87,"column":60},"end":{"line":94,"column":null}}},"5":{"name":"updateUser","decl":{"start":{"line":96,"column":22},"end":{"line":96,"column":32}},"loc":{"start":{"line":96,"column":60},"end":{"line":104,"column":null}}},"6":{"name":"getUserByCity","decl":{"start":{"line":106,"column":22},"end":{"line":106,"column":35}},"loc":{"start":{"line":106,"column":63},"end":{"line":124,"column":null}}}},"branchMap":{"0":{"loc":{"start":{"line":28,"column":8},"end":{"line":35,"column":null}},"type":"if","locations":[{"start":{"line":28,"column":8},"end":{"line":35,"column":null}},{"start":{"line":28,"column":8},"end":{"line":35,"column":null}}]},"1":{"loc":{"start":{"line":28,"column":12},"end":{"line":28,"column":39}},"type":"binary-expr","locations":[{"start":{"line":28,"column":12},"end":{"line":28,"column":39}},{"start":{"line":28,"column":43},"end":{"line":28,"column":63}}]},"2":{"loc":{"start":{"line":29,"column":12},"end":{"line":32,"column":null}},"type":"if","locations":[{"start":{"line":29,"column":12},"end":{"line":32,"column":null}},{"start":{"line":29,"column":12},"end":{"line":32,"column":null}}]},"3":{"loc":{"start":{"line":60,"column":8},"end":{"line":70,"column":null}},"type":"if","locations":[{"start":{"line":60,"column":8},"end":{"line":70,"column":null}},{"start":{"line":60,"column":8},"end":{"line":70,"column":null}}]},"4":{"loc":{"start":{"line":60,"column":12},"end":{"line":60,"column":39}},"type":"binary-expr","locations":[{"start":{"line":60,"column":12},"end":{"line":60,"column":39}},{"start":{"line":60,"column":43},"end":{"line":60,"column":63}}]},"5":{"loc":{"start":{"line":61,"column":12},"end":{"line":65,"column":null}},"type":"if","locations":[{"start":{"line":61,"column":12},"end":{"line":65,"column":null}},{"start":{"line":61,"column":12},"end":{"line":65,"column":null}}]}},"s":{"0":2,"1":0,"2":0,"3":0,"4":0,"5":0,"6":0,"7":2,"8":0,"9":0,"10":0,"11":0,"12":0,"13":0,"14":0,"15":0,"16":0,"17":0,"18":0,"19":0,"20":0,"21":0,"22":0,"23":0,"24":0,"25":0,"26":2,"27":0,"28":0,"29":0,"30":0,"31":0,"32":0,"33":0,"34":0,"35":0,"36":0,"37":0,"38":0,"39":0,"40":2,"41":1,"42":1,"43":1,"44":0,"45":2,"46":0,"47":0,"48":0,"49":0,"50":2,"51":0,"52":0,"53":0,"54":0,"55":0,"56":2,"57":0,"58":0,"59":0,"60":0,"61":0,"62":0,"63":0,"64":0,"65":2},"f":{"0":0,"1":0,"2":0,"3":1,"4":0,"5":0,"6":0},"b":{"0":[0,0],"1":[0,0],"2":[0,0],"3":[0,0],"4":[0,0],"5":[0,0]}}
,"C:\\Users\\hhernandez22\\Documents\\PruebaNode\\APIGYM\\src\\routes\\index.routes.ts": {"path":"C:\\Users\\hhernandez22\\Documents\\PruebaNode\\APIGYM\\src\\routes\\index.routes.ts","statementMap":{"0":{"start":{"line":1,"column":0},"end":{"line":1,"column":32}},"1":{"start":{"line":2,"column":0},"end":{"line":2,"column":99}},"2":{"start":{"line":3,"column":0},"end":{"line":3,"column":79}},"3":{"start":{"line":4,"column":0},"end":{"line":4,"column":83}},"4":{"start":{"line":6,"column":15},"end":{"line":6,"column":23}},"5":{"start":{"line":8,"column":0},"end":{"line":10,"column":null}},"6":{"start":{"line":12,"column":0},"end":{"line":13,"column":null}},"7":{"start":{"line":15,"column":0},"end":{"line":16,"column":null}},"8":{"start":{"line":19,"column":0},"end":{"line":20,"column":null}},"9":{"start":{"line":22,"column":0},"end":{"line":24,"column":null}},"10":{"start":{"line":26,"column":0},"end":{"line":27,"column":null}},"11":{"start":{"line":29,"column":0},"end":{"line":31,"column":null}},"12":{"start":{"line":33,"column":0},"end":{"line":34,"column":null}},"13":{"start":{"line":36,"column":0},"end":{"line":36,"column":22}}},"fnMap":{},"branchMap":{},"s":{"0":1,"1":1,"2":1,"3":1,"4":1,"5":1,"6":1,"7":1,"8":1,"9":1,"10":1,"11":1,"12":1,"13":1},"f":{},"b":{}}
}
