TN:
SF:src\app.ts
FN:11,(anonymous_8)
FN:20,(anonymous_9)
FN:24,(anonymous_10)
FN:29,(anonymous_11)
FN:34,(anonymous_12)
FNF:5
FNH:0
FNDA:0,(anonymous_8)
FNDA:0,(anonymous_9)
FNDA:0,(anonymous_10)
FNDA:0,(anonymous_11)
FNDA:0,(anonymous_12)
DA:1,1
DA:2,1
DA:5,1
DA:8,1
DA:12,0
DA:14,0
DA:15,0
DA:16,0
DA:17,0
DA:21,0
DA:25,0
DA:26,0
DA:30,0
DA:35,0
DA:36,0
LF:15
LH:4
BRDA:21,0,0,0
BRDA:21,0,1,0
BRDA:21,0,2,0
BRF:3
BRH:0
end_of_record
TN:
SF:src\database.ts
FN:3,connect
FNF:1
FNH:1
FNDA:1,connect
DA:1,2
DA:3,2
DA:4,1
DA:11,1
LF:4
LH:4
BRF:0
BRH:0
end_of_record
TN:
SF:src\controllers\campus.controller.ts
FN:8,getCampus
FN:19,createCampus
FN:34,getCamp
FNF:3
FNH:0
FNDA:0,getCampus
FNDA:0,createCampus
FNDA:0,getCamp
DA:4,1
DA:8,1
DA:9,0
DA:10,0
DA:11,0
DA:12,0
DA:15,0
DA:19,1
DA:20,0
DA:21,0
DA:22,0
DA:23,0
DA:24,0
DA:28,0
DA:34,1
DA:35,0
DA:36,0
DA:37,0
DA:38,0
DA:39,0
DA:41,0
LF:21
LH:4
BRF:0
BRH:0
end_of_record
TN:
SF:src\controllers\city.controller.ts
FN:8,getCities
FN:22,createCity
FN:38,getCity
FNF:3
FNH:0
FNDA:0,getCities
FNDA:0,createCity
FNDA:0,getCity
DA:4,1
DA:8,1
DA:9,0
DA:10,0
DA:11,0
DA:12,0
DA:15,0
DA:16,0
DA:22,1
DA:23,0
DA:24,0
DA:25,0
DA:26,0
DA:27,0
DA:31,0
DA:38,1
DA:39,0
DA:40,0
DA:41,0
DA:42,0
DA:43,0
DA:45,0
LF:22
LH:4
BRF:0
BRH:0
end_of_record
TN:
SF:src\controllers\user.controller.ts
FN:8,getUsers
FN:22,createUser
FN:53,login
FN:80,getUser
FN:87,deleteUser
FN:96,updateUser
FN:106,getUserByCity
FNF:7
FNH:1
FNDA:0,getUsers
FNDA:0,createUser
FNDA:0,login
FNDA:1,getUser
FNDA:0,deleteUser
FNDA:0,updateUser
FNDA:0,getUserByCity
DA:4,2
DA:8,2
DA:9,0
DA:10,0
DA:11,0
DA:12,0
DA:15,0
DA:16,0
DA:22,2
DA:23,0
DA:24,0
DA:25,0
DA:26,0
DA:27,0
DA:28,0
DA:29,0
DA:30,0
DA:31,0
DA:33,0
DA:34,0
DA:35,0
DA:36,0
DA:37,0
DA:40,0
DA:41,0
DA:45,0
DA:46,0
DA:53,2
DA:54,0
DA:55,0
DA:56,0
DA:57,0
DA:58,0
DA:59,0
DA:60,0
DA:61,0
DA:62,0
DA:63,0
DA:67,0
DA:72,0
DA:73,0
DA:80,2
DA:81,1
DA:82,1
DA:83,1
DA:84,0
DA:87,2
DA:88,0
DA:89,0
DA:90,0
DA:91,0
DA:96,2
DA:97,0
DA:98,0
DA:99,0
DA:100,0
DA:101,0
DA:106,2
DA:107,0
DA:108,0
DA:109,0
DA:110,0
DA:115,0
DA:116,0
DA:118,0
DA:119,0
LF:66
LH:11
BRDA:28,0,0,0
BRDA:28,0,1,0
BRDA:28,1,0,0
BRDA:28,1,1,0
BRDA:29,2,0,0
BRDA:29,2,1,0
BRDA:60,3,0,0
BRDA:60,3,1,0
BRDA:60,4,0,0
BRDA:60,4,1,0
BRDA:61,5,0,0
BRDA:61,5,1,0
BRF:12
BRH:0
end_of_record
TN:
SF:src\routes\index.routes.ts
FNF:0
FNH:0
DA:1,1
DA:2,1
DA:3,1
DA:4,1
DA:6,1
DA:8,1
DA:12,1
DA:15,1
DA:19,1
DA:22,1
DA:26,1
DA:29,1
DA:33,1
DA:36,1
LF:14
LH:14
BRF:0
BRH:0
end_of_record
